[ 2012-08-24T11:56:47+08:00 ] /licms_ex/index.php/ceshi | INFO: Tag[ route_check ] --START--
[ 2012-08-24T11:56:47+08:00 ] /licms_ex/index.php/ceshi | INFO: Run CheckRoute Behavior [ RunTime:0.024116s ]
[ 2012-08-24T11:56:47+08:00 ] /licms_ex/index.php/ceshi | INFO: Tag[ route_check ] --END-- [ RunTime:0.024248s ]
[ 2012-08-24T11:56:47+08:00 ] /licms_ex/index.php/ceshi | INFO: Tag[ app_begin ] --START--
[ 2012-08-24T11:56:47+08:00 ] /licms_ex/index.php/ceshi | INFO: Run ReadHtmlCache Behavior [ RunTime:0.007191s ]
[ 2012-08-24T11:56:47+08:00 ] /licms_ex/index.php/ceshi | INFO: Tag[ app_begin ] --END-- [ RunTime:0.007271s ]
[ 2012-08-24T12:22:33+08:00 ] /licms_ex/index.php/ceshi | INFO: Tag[ route_check ] --START--
[ 2012-08-24T12:22:33+08:00 ] /licms_ex/index.php/ceshi | INFO: Run CheckRoute Behavior [ RunTime:0.001589s ]
[ 2012-08-24T12:22:33+08:00 ] /licms_ex/index.php/ceshi | INFO: Tag[ route_check ] --END-- [ RunTime:0.001701s ]
[ 2012-08-24T12:22:33+08:00 ] /licms_ex/index.php/ceshi | INFO: Tag[ app_begin ] --START--
[ 2012-08-24T12:22:33+08:00 ] /licms_ex/index.php/ceshi | INFO: Run ReadHtmlCache Behavior [ RunTime:0.001118s ]
[ 2012-08-24T12:22:33+08:00 ] /licms_ex/index.php/ceshi | INFO: Tag[ app_begin ] --END-- [ RunTime:0.013347s ]
[ 2012-08-24T12:22:33+08:00 ] /licms_ex/index.php/ceshi | NOTIC: [8] Use of undefined constant PHP_SELF - assumed 'PHP_SELF' ceshiAction.class.php 第 9 行.
[ 2012-08-24T12:22:59+08:00 ] /licms_ex/index.php/ceshi | INFO: Tag[ route_check ] --START--
[ 2012-08-24T12:22:59+08:00 ] /licms_ex/index.php/ceshi | INFO: Run CheckRoute Behavior [ RunTime:0.001055s ]
[ 2012-08-24T12:22:59+08:00 ] /licms_ex/index.php/ceshi | INFO: Tag[ route_check ] --END-- [ RunTime:0.001139s ]
[ 2012-08-24T12:22:59+08:00 ] /licms_ex/index.php/ceshi | INFO: Tag[ app_begin ] --START--
[ 2012-08-24T12:22:59+08:00 ] /licms_ex/index.php/ceshi | INFO: Run ReadHtmlCache Behavior [ RunTime:0.000800s ]
[ 2012-08-24T12:22:59+08:00 ] /licms_ex/index.php/ceshi | INFO: Tag[ app_begin ] --END-- [ RunTime:0.000873s ]
[ 2012-08-24T12:22:59+08:00 ] /licms_ex/index.php/ceshi | NOTIC: [8] Undefined variable: PHP_SELF ceshiAction.class.php 第 9 行.
[ 2012-08-24T12:23:18+08:00 ] /licms_ex/index.php/ceshi | INFO: Tag[ route_check ] --START--
[ 2012-08-24T12:23:18+08:00 ] /licms_ex/index.php/ceshi | INFO: Run CheckRoute Behavior [ RunTime:0.001117s ]
[ 2012-08-24T12:23:18+08:00 ] /licms_ex/index.php/ceshi | INFO: Tag[ route_check ] --END-- [ RunTime:0.001214s ]
[ 2012-08-24T12:23:18+08:00 ] /licms_ex/index.php/ceshi | INFO: Tag[ app_begin ] --START--
[ 2012-08-24T12:23:18+08:00 ] /licms_ex/index.php/ceshi | INFO: Run ReadHtmlCache Behavior [ RunTime:0.000774s ]
[ 2012-08-24T12:23:18+08:00 ] /licms_ex/index.php/ceshi | INFO: Tag[ app_begin ] --END-- [ RunTime:0.000843s ]
[ 2012-08-24T12:24:56+08:00 ] /licms_ex/index.php/ceshi | INFO: Tag[ route_check ] --START--
[ 2012-08-24T12:24:56+08:00 ] /licms_ex/index.php/ceshi | INFO: Run CheckRoute Behavior [ RunTime:0.001444s ]
[ 2012-08-24T12:24:56+08:00 ] /licms_ex/index.php/ceshi | INFO: Tag[ route_check ] --END-- [ RunTime:0.001572s ]
[ 2012-08-24T12:24:56+08:00 ] /licms_ex/index.php/ceshi | INFO: Tag[ app_begin ] --START--
[ 2012-08-24T12:24:56+08:00 ] /licms_ex/index.php/ceshi | INFO: Run ReadHtmlCache Behavior [ RunTime:0.000806s ]
[ 2012-08-24T12:24:56+08:00 ] /licms_ex/index.php/ceshi | INFO: Tag[ app_begin ] --END-- [ RunTime:0.000879s ]
[ 2012-08-24T16:07:24+08:00 ] /licms_ex/index.php/ceshi | INFO: Tag[ route_check ] --START--
[ 2012-08-24T16:07:24+08:00 ] /licms_ex/index.php/ceshi | INFO: Run CheckRoute Behavior [ RunTime:0.033499s ]
[ 2012-08-24T16:07:24+08:00 ] /licms_ex/index.php/ceshi | INFO: Tag[ route_check ] --END-- [ RunTime:0.088392s ]
[ 2012-08-24T16:07:24+08:00 ] /licms_ex/index.php/ceshi | INFO: Tag[ app_begin ] --START--
[ 2012-08-24T16:07:24+08:00 ] /licms_ex/index.php/ceshi | INFO: Run ReadHtmlCache Behavior [ RunTime:0.009659s ]
[ 2012-08-24T16:07:24+08:00 ] /licms_ex/index.php/ceshi | INFO: Tag[ app_begin ] --END-- [ RunTime:0.009787s ]
[ 2012-08-24T16:07:27+08:00 ] /licms_ex/index.php/ceshi | INFO: Tag[ route_check ] --START--
[ 2012-08-24T16:07:27+08:00 ] /licms_ex/index.php/ceshi | INFO: Run CheckRoute Behavior [ RunTime:0.001119s ]
[ 2012-08-24T16:07:27+08:00 ] /licms_ex/index.php/ceshi | INFO: Tag[ route_check ] --END-- [ RunTime:0.001203s ]
[ 2012-08-24T16:07:27+08:00 ] /licms_ex/index.php/ceshi | INFO: Tag[ app_begin ] --START--
[ 2012-08-24T16:07:27+08:00 ] /licms_ex/index.php/ceshi | INFO: Run ReadHtmlCache Behavior [ RunTime:0.000862s ]
[ 2012-08-24T16:07:27+08:00 ] /licms_ex/index.php/ceshi | INFO: Tag[ app_begin ] --END-- [ RunTime:0.000949s ]
[ 2012-08-24T16:07:29+08:00 ] /licms_ex/index.php/ceshi | INFO: Tag[ route_check ] --START--
[ 2012-08-24T16:07:29+08:00 ] /licms_ex/index.php/ceshi | INFO: Run CheckRoute Behavior [ RunTime:0.001092s ]
[ 2012-08-24T16:07:29+08:00 ] /licms_ex/index.php/ceshi | INFO: Tag[ route_check ] --END-- [ RunTime:0.001182s ]
[ 2012-08-24T16:07:29+08:00 ] /licms_ex/index.php/ceshi | INFO: Tag[ app_begin ] --START--
[ 2012-08-24T16:07:29+08:00 ] /licms_ex/index.php/ceshi | INFO: Run ReadHtmlCache Behavior [ RunTime:0.000833s ]
[ 2012-08-24T16:07:29+08:00 ] /licms_ex/index.php/ceshi | INFO: Tag[ app_begin ] --END-- [ RunTime:0.000915s ]
[ 2012-08-24T16:07:31+08:00 ] /licms_ex/index.php/ceshi | INFO: Tag[ route_check ] --START--
[ 2012-08-24T16:07:31+08:00 ] /licms_ex/index.php/ceshi | INFO: Run CheckRoute Behavior [ RunTime:0.001661s ]
[ 2012-08-24T16:07:31+08:00 ] /licms_ex/index.php/ceshi | INFO: Tag[ route_check ] --END-- [ RunTime:0.001816s ]
[ 2012-08-24T16:07:31+08:00 ] /licms_ex/index.php/ceshi | INFO: Tag[ app_begin ] --START--
[ 2012-08-24T16:07:31+08:00 ] /licms_ex/index.php/ceshi | INFO: Run ReadHtmlCache Behavior [ RunTime:0.001980s ]
[ 2012-08-24T16:07:31+08:00 ] /licms_ex/index.php/ceshi | INFO: Tag[ app_begin ] --END-- [ RunTime:0.002143s ]
[ 2012-08-24T16:08:04+08:00 ] /licms_ex/index.php/ceshi | INFO: Tag[ route_check ] --START--
[ 2012-08-24T16:08:04+08:00 ] /licms_ex/index.php/ceshi | INFO: Run CheckRoute Behavior [ RunTime:0.001165s ]
[ 2012-08-24T16:08:04+08:00 ] /licms_ex/index.php/ceshi | INFO: Tag[ route_check ] --END-- [ RunTime:0.001251s ]
[ 2012-08-24T16:08:04+08:00 ] /licms_ex/index.php/ceshi | INFO: Tag[ app_begin ] --START--
[ 2012-08-24T16:08:04+08:00 ] /licms_ex/index.php/ceshi | INFO: Run ReadHtmlCache Behavior [ RunTime:0.000844s ]
[ 2012-08-24T16:08:04+08:00 ] /licms_ex/index.php/ceshi | INFO: Tag[ app_begin ] --END-- [ RunTime:0.000916s ]
[ 2012-08-24T16:08:25+08:00 ] /licms_ex/index.php/ceshi | INFO: Tag[ route_check ] --START--
[ 2012-08-24T16:08:25+08:00 ] /licms_ex/index.php/ceshi | INFO: Run CheckRoute Behavior [ RunTime:0.001215s ]
[ 2012-08-24T16:08:25+08:00 ] /licms_ex/index.php/ceshi | INFO: Tag[ route_check ] --END-- [ RunTime:0.001475s ]
[ 2012-08-24T16:08:25+08:00 ] /licms_ex/index.php/ceshi | INFO: Tag[ app_begin ] --START--
[ 2012-08-24T16:08:25+08:00 ] /licms_ex/index.php/ceshi | INFO: Run ReadHtmlCache Behavior [ RunTime:0.000832s ]
[ 2012-08-24T16:08:25+08:00 ] /licms_ex/index.php/ceshi | INFO: Tag[ app_begin ] --END-- [ RunTime:0.000914s ]
[ 2012-08-24T16:08:27+08:00 ] /licms_ex/index.php/ceshi | INFO: Tag[ route_check ] --START--
[ 2012-08-24T16:08:27+08:00 ] /licms_ex/index.php/ceshi | INFO: Run CheckRoute Behavior [ RunTime:0.001059s ]
[ 2012-08-24T16:08:27+08:00 ] /licms_ex/index.php/ceshi | INFO: Tag[ route_check ] --END-- [ RunTime:0.001143s ]
[ 2012-08-24T16:08:27+08:00 ] /licms_ex/index.php/ceshi | INFO: Tag[ app_begin ] --START--
[ 2012-08-24T16:08:27+08:00 ] /licms_ex/index.php/ceshi | INFO: Run ReadHtmlCache Behavior [ RunTime:0.000828s ]
[ 2012-08-24T16:08:27+08:00 ] /licms_ex/index.php/ceshi | INFO: Tag[ app_begin ] --END-- [ RunTime:0.000898s ]
